c:\users\수비드닭가슴살스테이크\desktop\3d개인폴\7개월차 필기\15days - animation3\engine\bin\vc140.pdb
c:\users\수비드닭가슴살스테이크\desktop\3d개인폴\7개월차 필기\15days - animation3\engine\bin\vc140.idb
c:\users\수비드닭가슴살스테이크\desktop\3d개인폴\7개월차 필기\15days - animation3\engine\bin\input_device.obj
c:\users\수비드닭가슴살스테이크\desktop\3d개인폴\7개월차 필기\15days - animation3\engine\bin\layer.obj
c:\users\수비드닭가슴살스테이크\desktop\3d개인폴\7개월차 필기\15days - animation3\engine\bin\level.obj
c:\users\수비드닭가슴살스테이크\desktop\3d개인폴\7개월차 필기\15days - animation3\engine\bin\level_manager.obj
c:\users\수비드닭가슴살스테이크\desktop\3d개인폴\7개월차 필기\15days - animation3\engine\bin\light.obj
c:\users\수비드닭가슴살스테이크\desktop\3d개인폴\7개월차 필기\15days - animation3\engine\bin\light_manager.obj
c:\users\수비드닭가슴살스테이크\desktop\3d개인폴\7개월차 필기\15days - animation3\engine\bin\meshcontainer.obj
c:\users\수비드닭가슴살스테이크\desktop\3d개인폴\7개월차 필기\15days - animation3\engine\bin\model.obj
c:\users\수비드닭가슴살스테이크\desktop\3d개인폴\7개월차 필기\15days - animation3\engine\bin\object_manager.obj
c:\users\수비드닭가슴살스테이크\desktop\3d개인폴\7개월차 필기\15days - animation3\engine\bin\pipeline.obj
c:\users\수비드닭가슴살스테이크\desktop\3d개인폴\7개월차 필기\15days - animation3\engine\bin\renderer.obj
c:\users\수비드닭가슴살스테이크\desktop\3d개인폴\7개월차 필기\15days - animation3\engine\bin\shader.obj
c:\users\수비드닭가슴살스테이크\desktop\3d개인폴\7개월차 필기\15days - animation3\engine\bin\texture.obj
c:\users\수비드닭가슴살스테이크\desktop\3d개인폴\7개월차 필기\15days - animation3\engine\bin\timer.obj
c:\users\수비드닭가슴살스테이크\desktop\3d개인폴\7개월차 필기\15days - animation3\engine\bin\timer_manager.obj
c:\users\수비드닭가슴살스테이크\desktop\3d개인폴\7개월차 필기\15days - animation3\engine\bin\transform.obj
c:\users\수비드닭가슴살스테이크\desktop\3d개인폴\7개월차 필기\15days - animation3\engine\bin\vibuffer.obj
c:\users\수비드닭가슴살스테이크\desktop\3d개인폴\7개월차 필기\15days - animation3\engine\bin\vibuffer_rect.obj
c:\users\수비드닭가슴살스테이크\desktop\3d개인폴\7개월차 필기\15days - animation3\engine\bin\vibuffer_terrain.obj
c:\users\수비드닭가슴살스테이크\desktop\3d개인폴\7개월차 필기\15days - animation3\engine\bin\engine_struct.obj
c:\users\수비드닭가슴살스테이크\desktop\3d개인폴\7개월차 필기\15days - animation3\engine\bin\animation.obj
c:\users\수비드닭가슴살스테이크\desktop\3d개인폴\7개월차 필기\15days - animation3\engine\bin\base.obj
c:\users\수비드닭가슴살스테이크\desktop\3d개인폴\7개월차 필기\15days - animation3\engine\bin\camera.obj
c:\users\수비드닭가슴살스테이크\desktop\3d개인폴\7개월차 필기\15days - animation3\engine\bin\channel.obj
c:\users\수비드닭가슴살스테이크\desktop\3d개인폴\7개월차 필기\15days - animation3\engine\bin\component.obj
c:\users\수비드닭가슴살스테이크\desktop\3d개인폴\7개월차 필기\15days - animation3\engine\bin\component_manager.obj
c:\users\수비드닭가슴살스테이크\desktop\3d개인폴\7개월차 필기\15days - animation3\engine\bin\customfont.obj
c:\users\수비드닭가슴살스테이크\desktop\3d개인폴\7개월차 필기\15days - animation3\engine\bin\font_manager.obj
c:\users\수비드닭가슴살스테이크\desktop\3d개인폴\7개월차 필기\15days - animation3\engine\bin\gameinstance.obj
c:\users\수비드닭가슴살스테이크\desktop\3d개인폴\7개월차 필기\15days - animation3\engine\bin\gameobject.obj
c:\users\수비드닭가슴살스테이크\desktop\3d개인폴\7개월차 필기\15days - animation3\engine\bin\graphic_device.obj
c:\users\수비드닭가슴살스테이크\desktop\3d개인폴\7개월차 필기\15days - animation3\engine\bin\hierarchynode.obj
c:\users\수비드닭가슴살스테이크\desktop\3d개인폴\hatintime_copygame\engine\bin\vc140.pdb
c:\users\수비드닭가슴살스테이크\desktop\3d개인폴\hatintime_copygame\engine\bin\vc140.idb
c:\users\수비드닭가슴살스테이크\desktop\3d개인폴\hatintime_copygame\copygame_dx11_hatintime\engine\bin\vc140.pdb
c:\users\수비드닭가슴살스테이크\desktop\3d개인폴\hatintime_copygame\copygame_dx11_hatintime\engine\bin\vc140.idb
c:\users\수비드닭가슴살스테이크\desktop\3d개인폴\hatintime_copygame\copygame_dx11_hatintime\engine\bin\layer.obj
c:\users\수비드닭가슴살스테이크\desktop\3d개인폴\hatintime_copygame\copygame_dx11_hatintime\engine\bin\level.obj
c:\users\수비드닭가슴살스테이크\desktop\3d개인폴\hatintime_copygame\copygame_dx11_hatintime\engine\bin\level_manager.obj
c:\users\수비드닭가슴살스테이크\desktop\3d개인폴\hatintime_copygame\copygame_dx11_hatintime\engine\bin\light.obj
c:\users\수비드닭가슴살스테이크\desktop\3d개인폴\hatintime_copygame\copygame_dx11_hatintime\engine\bin\light_manager.obj
c:\users\수비드닭가슴살스테이크\desktop\3d개인폴\hatintime_copygame\copygame_dx11_hatintime\engine\bin\meshcontainer.obj
c:\users\수비드닭가슴살스테이크\desktop\3d개인폴\hatintime_copygame\copygame_dx11_hatintime\engine\bin\model.obj
c:\users\수비드닭가슴살스테이크\desktop\3d개인폴\hatintime_copygame\copygame_dx11_hatintime\engine\bin\object_manager.obj
c:\users\수비드닭가슴살스테이크\desktop\3d개인폴\hatintime_copygame\copygame_dx11_hatintime\engine\bin\picking.obj
c:\users\수비드닭가슴살스테이크\desktop\3d개인폴\hatintime_copygame\copygame_dx11_hatintime\engine\bin\pipeline.obj
c:\users\수비드닭가슴살스테이크\desktop\3d개인폴\hatintime_copygame\copygame_dx11_hatintime\engine\bin\renderer.obj
c:\users\수비드닭가슴살스테이크\desktop\3d개인폴\hatintime_copygame\copygame_dx11_hatintime\engine\bin\shader.obj
c:\users\수비드닭가슴살스테이크\desktop\3d개인폴\hatintime_copygame\copygame_dx11_hatintime\engine\bin\texture.obj
c:\users\수비드닭가슴살스테이크\desktop\3d개인폴\hatintime_copygame\copygame_dx11_hatintime\engine\bin\timer.obj
c:\users\수비드닭가슴살스테이크\desktop\3d개인폴\hatintime_copygame\copygame_dx11_hatintime\engine\bin\timer_manager.obj
c:\users\수비드닭가슴살스테이크\desktop\3d개인폴\hatintime_copygame\copygame_dx11_hatintime\engine\bin\transform.obj
c:\users\수비드닭가슴살스테이크\desktop\3d개인폴\hatintime_copygame\copygame_dx11_hatintime\engine\bin\vibuffer.obj
c:\users\수비드닭가슴살스테이크\desktop\3d개인폴\hatintime_copygame\copygame_dx11_hatintime\engine\bin\vibuffer_rect.obj
c:\users\수비드닭가슴살스테이크\desktop\3d개인폴\hatintime_copygame\copygame_dx11_hatintime\engine\bin\vibuffer_terrain.obj
c:\users\수비드닭가슴살스테이크\desktop\3d개인폴\hatintime_copygame\copygame_dx11_hatintime\engine\bin\engine_struct.obj
c:\users\수비드닭가슴살스테이크\desktop\3d개인폴\hatintime_copygame\copygame_dx11_hatintime\engine\bin\animation.obj
c:\users\수비드닭가슴살스테이크\desktop\3d개인폴\hatintime_copygame\copygame_dx11_hatintime\engine\bin\base.obj
c:\users\수비드닭가슴살스테이크\desktop\3d개인폴\hatintime_copygame\copygame_dx11_hatintime\engine\bin\camera.obj
c:\users\수비드닭가슴살스테이크\desktop\3d개인폴\hatintime_copygame\copygame_dx11_hatintime\engine\bin\channel.obj
c:\users\수비드닭가슴살스테이크\desktop\3d개인폴\hatintime_copygame\copygame_dx11_hatintime\engine\bin\collider.obj
c:\users\수비드닭가슴살스테이크\desktop\3d개인폴\hatintime_copygame\copygame_dx11_hatintime\engine\bin\component.obj
c:\users\수비드닭가슴살스테이크\desktop\3d개인폴\hatintime_copygame\copygame_dx11_hatintime\engine\bin\component_manager.obj
c:\users\수비드닭가슴살스테이크\desktop\3d개인폴\hatintime_copygame\copygame_dx11_hatintime\engine\bin\customfont.obj
c:\users\수비드닭가슴살스테이크\desktop\3d개인폴\hatintime_copygame\copygame_dx11_hatintime\engine\bin\debugdraw.obj
c:\users\수비드닭가슴살스테이크\desktop\3d개인폴\hatintime_copygame\copygame_dx11_hatintime\engine\bin\font_manager.obj
c:\users\수비드닭가슴살스테이크\desktop\3d개인폴\hatintime_copygame\copygame_dx11_hatintime\engine\bin\gameinstance.obj
c:\users\수비드닭가슴살스테이크\desktop\3d개인폴\hatintime_copygame\copygame_dx11_hatintime\engine\bin\gameobject.obj
c:\users\수비드닭가슴살스테이크\desktop\3d개인폴\hatintime_copygame\copygame_dx11_hatintime\engine\bin\graphic_device.obj
c:\users\수비드닭가슴살스테이크\desktop\3d개인폴\hatintime_copygame\copygame_dx11_hatintime\engine\bin\hierarchynode.obj
c:\users\수비드닭가슴살스테이크\desktop\3d개인폴\hatintime_copygame\copygame_dx11_hatintime\engine\bin\input_device.obj
c:\users\수비드닭가슴살스테이크\desktop\3d개인폴\hatintime_copygame\copygame_dx11_hatintime\engine\bin\keymgr.obj
c:\users\수비드닭가슴살스테이크\desktop\3d개인폴\7개월차 필기\15days - animation3\engine\bin\engine.lib
c:\users\수비드닭가슴살스테이크\desktop\3d개인폴\7개월차 필기\15days - animation3\engine\bin\engine.exp
c:\users\수비드닭가슴살스테이크\desktop\3d개인폴\hatintime_copygame\engine\bin\engine.lib
c:\users\수비드닭가슴살스테이크\desktop\3d개인폴\hatintime_copygame\engine\bin\engine.exp
c:\users\수비드닭가슴살스테이크\desktop\3d개인폴\hatintime_copygame\copygame_dx11_hatintime\engine\bin\engine.lib
c:\users\수비드닭가슴살스테이크\desktop\3d개인폴\hatintime_copygame\copygame_dx11_hatintime\engine\bin\engine.exp
c:\users\수비드닭가슴살스테이크\desktop\3d개인폴\7개월차 필기\15days - animation3\engine\bin\engine.ilk
c:\users\수비드닭가슴살스테이크\desktop\3d개인폴\7개월차 필기\15days - animation3\engine\bin\engine.dll
c:\users\수비드닭가슴살스테이크\desktop\3d개인폴\7개월차 필기\15days - animation3\engine\bin\engine.pdb
c:\users\수비드닭가슴살스테이크\desktop\3d개인폴\hatintime_copygame\engine\bin\engine.ilk
c:\users\수비드닭가슴살스테이크\desktop\3d개인폴\hatintime_copygame\engine\bin\engine.dll
c:\users\수비드닭가슴살스테이크\desktop\3d개인폴\hatintime_copygame\engine\bin\engine.pdb
c:\users\수비드닭가슴살스테이크\desktop\3d개인폴\hatintime_copygame\copygame_dx11_hatintime\engine\bin\engine.ilk
c:\users\수비드닭가슴살스테이크\desktop\3d개인폴\hatintime_copygame\copygame_dx11_hatintime\engine\bin\engine.dll
c:\users\수비드닭가슴살스테이크\desktop\3d개인폴\hatintime_copygame\copygame_dx11_hatintime\engine\bin\engine.pdb
c:\users\수비드닭가슴살스테이크\desktop\3d개인폴\hatintime_copygame\copygame_dx11_hatintime\engine\bin\channel.obj.enc
c:\users\수비드닭가슴살스테이크\desktop\3d개인폴\hatintime_copygame\copygame_dx11_hatintime\engine\bin\model.obj.enc
c:\users\수비드닭가슴살스테이크\desktop\3d개인폴\hatintime_copygame\copygame_dx11_hatintime\engine\bin\..\bin\engine.pdb
c:\users\수비드닭가슴살스테이크\desktop\3d개인폴\hatintime_copygame\copygame_dx11_hatintime\engine\default\..\bin\engine.dll
c:\users\수비드닭가슴살스테이크\desktop\3d개인폴\hatintime_copygame\copygame_dx11_hatintime\engine\bin\..\bin\engine.ilk
c:\users\수비드닭가슴살스테이크\desktop\3d개인폴\hatintime_copygame\copygame_dx11_hatintime\engine\bin\engine.tlog\cl.command.1.tlog
c:\users\수비드닭가슴살스테이크\desktop\3d개인폴\hatintime_copygame\copygame_dx11_hatintime\engine\bin\engine.tlog\cl.read.1.tlog
c:\users\수비드닭가슴살스테이크\desktop\3d개인폴\hatintime_copygame\copygame_dx11_hatintime\engine\bin\engine.tlog\cl.write.1.tlog
c:\users\수비드닭가슴살스테이크\desktop\3d개인폴\hatintime_copygame\copygame_dx11_hatintime\engine\bin\engine.tlog\engine.write.1u.tlog
c:\users\수비드닭가슴살스테이크\desktop\3d개인폴\hatintime_copygame\copygame_dx11_hatintime\engine\bin\engine.tlog\link.command.1.tlog
c:\users\수비드닭가슴살스테이크\desktop\3d개인폴\hatintime_copygame\copygame_dx11_hatintime\engine\bin\engine.tlog\link.read.1.tlog
c:\users\수비드닭가슴살스테이크\desktop\3d개인폴\hatintime_copygame\copygame_dx11_hatintime\engine\bin\engine.tlog\link.write.1.tlog
