c:\users\수비드닭가슴살스테이크\desktop\3d개인폴\hatintime_copygame\copygame_dx11_hatintime\client\bin\vc140.pdb
c:\users\수비드닭가슴살스테이크\desktop\3d개인폴\hatintime_copygame\copygame_dx11_hatintime\client\bin\vc140.idb
c:\users\수비드닭가슴살스테이크\desktop\3d개인폴\hatintime_copygame\copygame_dx11_hatintime\client\bin\keycommand.obj
c:\users\수비드닭가슴살스테이크\desktop\3d개인폴\hatintime_copygame\copygame_dx11_hatintime\client\bin\level_gameplay.obj
c:\users\수비드닭가슴살스테이크\desktop\3d개인폴\hatintime_copygame\copygame_dx11_hatintime\client\bin\level_loading.obj
c:\users\수비드닭가슴살스테이크\desktop\3d개인폴\hatintime_copygame\copygame_dx11_hatintime\client\bin\level_logo.obj
c:\users\수비드닭가슴살스테이크\desktop\3d개인폴\hatintime_copygame\copygame_dx11_hatintime\client\bin\loader.obj
c:\users\수비드닭가슴살스테이크\desktop\3d개인폴\hatintime_copygame\copygame_dx11_hatintime\client\bin\madcrow.obj
c:\users\수비드닭가슴살스테이크\desktop\3d개인폴\hatintime_copygame\copygame_dx11_hatintime\client\bin\mafia.obj
c:\users\수비드닭가슴살스테이크\desktop\3d개인폴\hatintime_copygame\copygame_dx11_hatintime\client\bin\mafiaboss.obj
c:\users\수비드닭가슴살스테이크\desktop\3d개인폴\hatintime_copygame\copygame_dx11_hatintime\client\bin\mafia_hq.obj
c:\users\수비드닭가슴살스테이크\desktop\3d개인폴\hatintime_copygame\copygame_dx11_hatintime\client\bin\mainapp.obj
c:\users\수비드닭가슴살스테이크\desktop\3d개인폴\hatintime_copygame\copygame_dx11_hatintime\client\bin\monster.obj
c:\users\수비드닭가슴살스테이크\desktop\3d개인폴\hatintime_copygame\copygame_dx11_hatintime\client\bin\pawn.obj
c:\users\수비드닭가슴살스테이크\desktop\3d개인폴\hatintime_copygame\copygame_dx11_hatintime\client\bin\player.obj
c:\users\수비드닭가슴살스테이크\desktop\3d개인폴\hatintime_copygame\copygame_dx11_hatintime\client\bin\playercontroller.obj
c:\users\수비드닭가슴살스테이크\desktop\3d개인폴\hatintime_copygame\copygame_dx11_hatintime\client\bin\punch.obj
c:\users\수비드닭가슴살스테이크\desktop\3d개인폴\hatintime_copygame\copygame_dx11_hatintime\client\bin\staticmesh.obj
c:\users\수비드닭가슴살스테이크\desktop\3d개인폴\hatintime_copygame\copygame_dx11_hatintime\client\bin\terrain.obj
c:\users\수비드닭가슴살스테이크\desktop\3d개인폴\hatintime_copygame\copygame_dx11_hatintime\client\bin\throwing_object.obj
c:\users\수비드닭가슴살스테이크\desktop\3d개인폴\hatintime_copygame\copygame_dx11_hatintime\client\bin\umbrella.obj
c:\users\수비드닭가슴살스테이크\desktop\3d개인폴\hatintime_copygame\copygame_dx11_hatintime\client\bin\client.obj
c:\users\수비드닭가슴살스테이크\desktop\3d개인폴\hatintime_copygame\copygame_dx11_hatintime\client\bin\actor.obj
c:\users\수비드닭가슴살스테이크\desktop\3d개인폴\hatintime_copygame\copygame_dx11_hatintime\client\bin\apple.obj
c:\users\수비드닭가슴살스테이크\desktop\3d개인폴\hatintime_copygame\copygame_dx11_hatintime\client\bin\background.obj
c:\users\수비드닭가슴살스테이크\desktop\3d개인폴\hatintime_copygame\copygame_dx11_hatintime\client\bin\behavior_tree.obj
c:\users\수비드닭가슴살스테이크\desktop\3d개인폴\hatintime_copygame\copygame_dx11_hatintime\client\bin\blade.obj
c:\users\수비드닭가슴살스테이크\desktop\3d개인폴\hatintime_copygame\copygame_dx11_hatintime\client\bin\bt_mafiaboss.obj
c:\users\수비드닭가슴살스테이크\desktop\3d개인폴\hatintime_copygame\copygame_dx11_hatintime\client\bin\camera_dynamic.obj
c:\users\수비드닭가슴살스테이크\desktop\3d개인폴\hatintime_copygame\copygame_dx11_hatintime\client\bin\deligate_monster.obj
c:\users\수비드닭가슴살스테이크\desktop\3d개인폴\hatintime_copygame\copygame_dx11_hatintime\client\bin\detect.obj
c:\users\수비드닭가슴살스테이크\desktop\3d개인폴\hatintime_copygame\copygame_dx11_hatintime\client\bin\equipment.obj
c:\users\수비드닭가슴살스테이크\desktop\3d개인폴\hatintime_copygame\copygame_dx11_hatintime\client\bin\equipments.obj
c:\users\수비드닭가슴살스테이크\desktop\3d개인폴\hatintime_copygame\copygame_dx11_hatintime\client\bin\flask.obj
c:\users\수비드닭가슴살스테이크\desktop\3d개인폴\hatintime_copygame\copygame_dx11_hatintime\client\bin\hat.obj
c:\users\수비드닭가슴살스테이크\desktop\3d개인폴\hatintime_copygame\copygame_dx11_hatintime\client\bin\hatkid.obj
c:\users\수비드닭가슴살스테이크\desktop\3d개인폴\hatintime_copygame\copygame_dx11_hatintime\client\bin\head_point.obj
c:\users\수비드닭가슴살스테이크\desktop\3d개인폴\hatintime_copygame\copygame_dx11_hatintime\client\bin\sandback.obj
c:\users\수비드닭가슴살스테이크\desktop\3d개인폴\hatintime_copygame\copygame_dx11_hatintime\client\bin\boss_bullet.obj
c:\users\수비드닭가슴살스테이크\desktop\3d개인폴\hatintime_copygame\copygame_dx11_hatintime\client\bin\dweller.obj
c:\users\수비드닭가슴살스테이크\desktop\3d개인폴\hatintime_copygame\copygame_dx11_hatintime\client\bin\subconeye.obj
c:\users\수비드닭가슴살스테이크\desktop\3d개인폴\hatintime_copygame\copygame_dx11_hatintime\client\bin\interactive_manager.obj
c:\users\수비드닭가슴살스테이크\desktop\3d개인폴\hatintime_copygame\copygame_dx11_hatintime\client\bin\throne.obj
c:\users\수비드닭가슴살스테이크\desktop\3d개인폴\hatintime_copygame\copygame_dx11_hatintime\client\bin\trigger_box.obj
c:\users\수비드닭가슴살스테이크\desktop\3d개인폴\hatintime_copygame\copygame_dx11_hatintime\client\bin\mafia_hq_dome.obj
c:\users\수비드닭가슴살스테이크\desktop\3d개인폴\hatintime_copygame\copygame_dx11_hatintime\client\bin\datamanager.obj
c:\users\수비드닭가슴살스테이크\desktop\3d개인폴\hatintime_copygame\copygame_dx11_hatintime\client\bin\particle_point.obj
c:\users\수비드닭가슴살스테이크\desktop\3d개인폴\hatintime_copygame\copygame_dx11_hatintime\client\bin\mafiaelite.obj
c:\users\수비드닭가슴살스테이크\desktop\3d개인폴\hatintime_copygame\copygame_dx11_hatintime\client\bin\level_gameplay2.obj
c:\users\수비드닭가슴살스테이크\desktop\3d개인폴\hatintime_copygame\copygame_dx11_hatintime\client\bin\client.pch
c:\users\수비드닭가슴살스테이크\desktop\3d개인폴\hatintime_copygame\copygame_dx11_hatintime\client\bin\stdafx.obj
c:\users\수비드닭가슴살스테이크\desktop\3d개인폴\hatintime_copygame\copygame_dx11_hatintime\client\bin\effect.obj
c:\users\수비드닭가슴살스테이크\desktop\3d개인폴\hatintime_copygame\copygame_dx11_hatintime\client\bin\puff.obj
c:\users\수비드닭가슴살스테이크\desktop\3d개인폴\hatintime_copygame\copygame_dx11_hatintime\client\bin\hitimpact.obj
c:\users\수비드닭가슴살스테이크\desktop\3d개인폴\hatintime_copygame\copygame_dx11_hatintime\client\bin\ui_portrait.obj
c:\users\수비드닭가슴살스테이크\desktop\3d개인폴\hatintime_copygame\copygame_dx11_hatintime\client\bin\dizzy_effect.obj
c:\users\수비드닭가슴살스테이크\desktop\3d개인폴\hatintime_copygame\copygame_dx11_hatintime\client\bin\ui_arrow.obj
c:\users\수비드닭가슴살스테이크\desktop\3d개인폴\hatintime_copygame\copygame_dx11_hatintime\client\bin\ui_manager.obj
c:\users\수비드닭가슴살스테이크\desktop\3d개인폴\hatintime_copygame\copygame_dx11_hatintime\client\bin\ui_playerhealth.obj
c:\users\수비드닭가슴살스테이크\desktop\3d개인폴\hatintime_copygame\copygame_dx11_hatintime\client\bin\ui_base.obj
c:\users\수비드닭가슴살스테이크\desktop\3d개인폴\hatintime_copygame\copygame_dx11_hatintime\client\bin\ui_textlife.obj
c:\users\수비드닭가슴살스테이크\desktop\3d개인폴\hatintime_copygame\copygame_dx11_hatintime\client\bin\star.obj
c:\users\수비드닭가슴살스테이크\desktop\3d개인폴\hatintime_copygame\copygame_dx11_hatintime\client\bin\shader_vtxanimmodel.cso
c:\users\수비드닭가슴살스테이크\desktop\3d개인폴\hatintime_copygame\copygame_dx11_hatintime\client\bin\shader_vtxmodel.cso
c:\users\수비드닭가슴살스테이크\desktop\3d개인폴\hatintime_copygame\copygame_dx11_hatintime\client\bin\shader_vtxnortex.cso
c:\users\수비드닭가슴살스테이크\desktop\3d개인폴\hatintime_copygame\copygame_dx11_hatintime\client\bin\shader_vtxtex.cso
c:\users\수비드닭가슴살스테이크\desktop\3d개인폴\hatintime_copygame\copygame_dx11_hatintime\client\bin\shader_deferred.cso
c:\users\수비드닭가슴살스테이크\desktop\3d개인폴\hatintime_copygame\copygame_dx11_hatintime\client\bin\shader_vtxpointinstance.cso
c:\users\수비드닭가슴살스테이크\desktop\3d개인폴\hatintime_copygame\copygame_dx11_hatintime\client\bin\shader_vtxrectinstance.cso
c:\users\수비드닭가슴살스테이크\desktop\3d개인폴\hatintime_copygame\copygame_dx11_hatintime\client\bin\shader_navigation.cso
c:\users\수비드닭가슴살스테이크\desktop\3d개인폴\hatintime_copygame\copygame_dx11_hatintime\client\bin\shader_vtxcubetexture.cso
c:\users\수비드닭가슴살스테이크\desktop\3d개인폴\hatintime_copygame\copygame_dx11_hatintime\client\bin\client.ilk
c:\users\수비드닭가슴살스테이크\desktop\3d개인폴\hatintime_copygame\copygame_dx11_hatintime\client\bin\client.exe
c:\users\수비드닭가슴살스테이크\desktop\3d개인폴\hatintime_copygame\copygame_dx11_hatintime\client\bin\client.pdb
c:\users\수비드닭가슴살스테이크\desktop\3d개인폴\hatintime_copygame\copygame_dx11_hatintime\client\bin\client.res
c:\users\수비드닭가슴살스테이크\desktop\3d개인폴\hatintime_copygame\copygame_dx11_hatintime\client\bin\camera_dynamic.obj.enc
c:\users\수비드닭가슴살스테이크\desktop\3d개인폴\hatintime_copygame\copygame_dx11_hatintime\client\bin\mafiaboss.obj.enc
c:\users\수비드닭가슴살스테이크\desktop\3d개인폴\hatintime_copygame\copygame_dx11_hatintime\client\bin\client.ipdb
c:\users\수비드닭가슴살스테이크\desktop\3d개인폴\hatintime_copygame\copygame_dx11_hatintime\client\bin\client.iobj
c:\users\수비드닭가슴살스테이크\desktop\3d개인폴\hatintime_copygame\copygame_dx11_hatintime\client\bin\..\bin\client.pdb
c:\users\수비드닭가슴살스테이크\desktop\3d개인폴\hatintime_copygame\copygame_dx11_hatintime\client\default\..\bin\client.exe
c:\users\수비드닭가슴살스테이크\desktop\3d개인폴\hatintime_copygame\copygame_dx11_hatintime\client\bin\..\bin\client.ilk
c:\users\수비드닭가슴살스테이크\desktop\3d개인폴\hatintime_copygame\copygame_dx11_hatintime\client\bin\client.tlog\cl.command.1.tlog
c:\users\수비드닭가슴살스테이크\desktop\3d개인폴\hatintime_copygame\copygame_dx11_hatintime\client\bin\client.tlog\cl.read.1.tlog
c:\users\수비드닭가슴살스테이크\desktop\3d개인폴\hatintime_copygame\copygame_dx11_hatintime\client\bin\client.tlog\cl.write.1.tlog
c:\users\수비드닭가슴살스테이크\desktop\3d개인폴\hatintime_copygame\copygame_dx11_hatintime\client\bin\client.tlog\client.write.1u.tlog
c:\users\수비드닭가슴살스테이크\desktop\3d개인폴\hatintime_copygame\copygame_dx11_hatintime\client\bin\client.tlog\fxc.command.1.tlog
c:\users\수비드닭가슴살스테이크\desktop\3d개인폴\hatintime_copygame\copygame_dx11_hatintime\client\bin\client.tlog\fxc.read.1.tlog
c:\users\수비드닭가슴살스테이크\desktop\3d개인폴\hatintime_copygame\copygame_dx11_hatintime\client\bin\client.tlog\fxc.write.1.tlog
c:\users\수비드닭가슴살스테이크\desktop\3d개인폴\hatintime_copygame\copygame_dx11_hatintime\client\bin\client.tlog\link.command.1.tlog
c:\users\수비드닭가슴살스테이크\desktop\3d개인폴\hatintime_copygame\copygame_dx11_hatintime\client\bin\client.tlog\link.read.1.tlog
c:\users\수비드닭가슴살스테이크\desktop\3d개인폴\hatintime_copygame\copygame_dx11_hatintime\client\bin\client.tlog\link.write.1.tlog
c:\users\수비드닭가슴살스테이크\desktop\3d개인폴\hatintime_copygame\copygame_dx11_hatintime\client\bin\client.tlog\rc.command.1.tlog
c:\users\수비드닭가슴살스테이크\desktop\3d개인폴\hatintime_copygame\copygame_dx11_hatintime\client\bin\client.tlog\rc.read.1.tlog
c:\users\수비드닭가슴살스테이크\desktop\3d개인폴\hatintime_copygame\copygame_dx11_hatintime\client\bin\client.tlog\rc.write.1.tlog
