  건너뛰고 있습니다... (관련된 변경 내용 없음)
  stdafx.cpp
  MapTool.cpp
  Terrain.cpp
  Player.cpp
  Pawn.cpp
  MainApp.cpp
  Loader.cpp
  Level_Logo.cpp
  Level_Loading.cpp
  Level_GamePlay.cpp
  Imgui_Map.cpp
  Imgui_Manager.cpp
  Camera_Dynamic.cpp
  BackGround.cpp
c:\users\수비드닭가슴살스테이크\desktop\3d개인폴\hatintime_copygame\copygame_dx11_hatintime\maptool\private\background.cpp(32): warning C4244: '인수': 'const unsigned int'에서 'float'(으)로 변환하면서 데이터가 손실될 수 있습니다.
  Actor.cpp
  코드를 생성하고 있습니다...
cl : 명령줄 warning D9028: 최소 다시 빌드에 실패했습니다. 정상 빌드로 되돌립니다.
LINK : fatal error LNK1104: '..\Bin\MapTool.exe' 파일을 열 수 없습니다.
