c:\users\수비드닭가슴살스테이크\desktop\3d개인폴\proj_hatintime\maptool\bin\maptool.pch
c:\users\수비드닭가슴살스테이크\desktop\3d개인폴\proj_hatintime\maptool\bin\vc140.pdb
c:\users\수비드닭가슴살스테이크\desktop\3d개인폴\proj_hatintime\maptool\bin\vc140.idb
c:\users\수비드닭가슴살스테이크\desktop\3d개인폴\proj_hatintime\maptool\bin\stdafx.obj
c:\users\수비드닭가슴살스테이크\desktop\3d개인폴\proj_hatintime\maptool\bin\maptool.obj
c:\users\수비드닭가슴살스테이크\desktop\3d개인폴\proj_hatintime\maptool\bin\terrain.obj
c:\users\수비드닭가슴살스테이크\desktop\3d개인폴\proj_hatintime\maptool\bin\player.obj
c:\users\수비드닭가슴살스테이크\desktop\3d개인폴\proj_hatintime\maptool\bin\pawn.obj
c:\users\수비드닭가슴살스테이크\desktop\3d개인폴\proj_hatintime\maptool\bin\mainapp.obj
c:\users\수비드닭가슴살스테이크\desktop\3d개인폴\proj_hatintime\maptool\bin\loader.obj
c:\users\수비드닭가슴살스테이크\desktop\3d개인폴\proj_hatintime\maptool\bin\level_logo.obj
c:\users\수비드닭가슴살스테이크\desktop\3d개인폴\proj_hatintime\maptool\bin\level_loading.obj
c:\users\수비드닭가슴살스테이크\desktop\3d개인폴\proj_hatintime\maptool\bin\level_gameplay.obj
c:\users\수비드닭가슴살스테이크\desktop\3d개인폴\proj_hatintime\maptool\bin\imgui_map.obj
c:\users\수비드닭가슴살스테이크\desktop\3d개인폴\proj_hatintime\maptool\bin\camera_dynamic.obj
c:\users\수비드닭가슴살스테이크\desktop\3d개인폴\proj_hatintime\maptool\bin\background.obj
c:\users\수비드닭가슴살스테이크\desktop\3d개인폴\proj_hatintime\maptool\bin\actor.obj
c:\users\수비드닭가슴살스테이크\desktop\3d개인폴\proj_hatintime\maptool\bin\shader_vtxmodel.cso
c:\users\수비드닭가슴살스테이크\desktop\3d개인폴\proj_hatintime\maptool\bin\shader_vtxnortex.cso
c:\users\수비드닭가슴살스테이크\desktop\3d개인폴\proj_hatintime\maptool\bin\shader_vtxtex.cso
c:\users\수비드닭가슴살스테이크\desktop\3d개인폴\proj_hatintime\maptool\bin\maptool.res
c:\users\수비드닭가슴살스테이크\desktop\3d개인폴\hatintime_copygame\maptool\bin\actor.obj
c:\users\수비드닭가슴살스테이크\desktop\3d개인폴\hatintime_copygame\maptool\bin\background.obj
c:\users\수비드닭가슴살스테이크\desktop\3d개인폴\hatintime_copygame\maptool\bin\camera_dynamic.obj
c:\users\수비드닭가슴살스테이크\desktop\3d개인폴\hatintime_copygame\maptool\bin\imgui_map.obj
c:\users\수비드닭가슴살스테이크\desktop\3d개인폴\hatintime_copygame\maptool\bin\level_gameplay.obj
c:\users\수비드닭가슴살스테이크\desktop\3d개인폴\hatintime_copygame\maptool\bin\level_loading.obj
c:\users\수비드닭가슴살스테이크\desktop\3d개인폴\hatintime_copygame\maptool\bin\level_logo.obj
c:\users\수비드닭가슴살스테이크\desktop\3d개인폴\hatintime_copygame\maptool\bin\loader.obj
c:\users\수비드닭가슴살스테이크\desktop\3d개인폴\hatintime_copygame\maptool\bin\mainapp.obj
c:\users\수비드닭가슴살스테이크\desktop\3d개인폴\hatintime_copygame\maptool\bin\maptool.obj
c:\users\수비드닭가슴살스테이크\desktop\3d개인폴\hatintime_copygame\maptool\bin\pawn.obj
c:\users\수비드닭가슴살스테이크\desktop\3d개인폴\hatintime_copygame\maptool\bin\player.obj
c:\users\수비드닭가슴살스테이크\desktop\3d개인폴\hatintime_copygame\maptool\bin\stdafx.obj
c:\users\수비드닭가슴살스테이크\desktop\3d개인폴\hatintime_copygame\maptool\bin\terrain.obj
c:\users\수비드닭가슴살스테이크\desktop\3d개인폴\hatintime_copygame\maptool\bin\maptool.res
c:\users\수비드닭가슴살스테이크\desktop\3d개인폴\hatintime_copygame\maptool\bin\maptool.pch
c:\users\수비드닭가슴살스테이크\desktop\3d개인폴\hatintime_copygame\maptool\bin\vc140.idb
c:\users\수비드닭가슴살스테이크\desktop\3d개인폴\hatintime_copygame\maptool\bin\maptool.pdb
c:\users\수비드닭가슴살스테이크\desktop\3d개인폴\hatintime_copygame\maptool\bin\vc140.pdb
c:\users\수비드닭가슴살스테이크\desktop\3d개인폴\hatintime_copygame\maptool\bin\..\bin\maptool.pdb
c:\users\수비드닭가슴살스테이크\desktop\3d개인폴\hatintime_copygame\maptool\bin\maptool.tlog\cl.command.1.tlog
c:\users\수비드닭가슴살스테이크\desktop\3d개인폴\hatintime_copygame\maptool\bin\maptool.tlog\cl.read.1.tlog
c:\users\수비드닭가슴살스테이크\desktop\3d개인폴\hatintime_copygame\maptool\bin\maptool.tlog\cl.write.1.tlog
c:\users\수비드닭가슴살스테이크\desktop\3d개인폴\hatintime_copygame\maptool\bin\maptool.tlog\fxc.command.1.tlog
c:\users\수비드닭가슴살스테이크\desktop\3d개인폴\hatintime_copygame\maptool\bin\maptool.tlog\fxc.read.1.tlog
c:\users\수비드닭가슴살스테이크\desktop\3d개인폴\hatintime_copygame\maptool\bin\maptool.tlog\fxc.write.1.tlog
c:\users\수비드닭가슴살스테이크\desktop\3d개인폴\hatintime_copygame\maptool\bin\maptool.tlog\link.6752-cvtres.read.1.tlog
c:\users\수비드닭가슴살스테이크\desktop\3d개인폴\hatintime_copygame\maptool\bin\maptool.tlog\link.6752-cvtres.write.1.tlog
c:\users\수비드닭가슴살스테이크\desktop\3d개인폴\hatintime_copygame\maptool\bin\maptool.tlog\link.6752-rc.read.1.tlog
c:\users\수비드닭가슴살스테이크\desktop\3d개인폴\hatintime_copygame\maptool\bin\maptool.tlog\link.6752-rc.write.1.tlog
c:\users\수비드닭가슴살스테이크\desktop\3d개인폴\hatintime_copygame\maptool\bin\maptool.tlog\link.6752.read.1.tlog
c:\users\수비드닭가슴살스테이크\desktop\3d개인폴\hatintime_copygame\maptool\bin\maptool.tlog\link.6752.write.1.tlog
c:\users\수비드닭가슴살스테이크\desktop\3d개인폴\hatintime_copygame\maptool\bin\maptool.tlog\link.command.1.tlog
c:\users\수비드닭가슴살스테이크\desktop\3d개인폴\hatintime_copygame\maptool\bin\maptool.tlog\link.read.1.tlog
c:\users\수비드닭가슴살스테이크\desktop\3d개인폴\hatintime_copygame\maptool\bin\maptool.tlog\link.write.1.tlog
c:\users\수비드닭가슴살스테이크\desktop\3d개인폴\hatintime_copygame\maptool\bin\maptool.tlog\maptool.write.1u.tlog
c:\users\수비드닭가슴살스테이크\desktop\3d개인폴\hatintime_copygame\maptool\bin\maptool.tlog\rc.command.1.tlog
c:\users\수비드닭가슴살스테이크\desktop\3d개인폴\hatintime_copygame\maptool\bin\maptool.tlog\rc.read.1.tlog
c:\users\수비드닭가슴살스테이크\desktop\3d개인폴\hatintime_copygame\maptool\bin\maptool.tlog\rc.write.1.tlog
